[2025-Jan-24 15:02:44.185 -05:00][208195:208195][info ] Logging initialized
[2025-Jan-24 15:02:44.185 -05:00][208195:208195][info ] Initializing krisp SDK...
[2025-Jan-24 15:02:44.185 -05:00][208195:208195][info ] DoKrispInitialize
[2025-Jan-24 15:02:44.395 -05:00][208195:208195][info ] LoadDynamicKrisp
[2025-Jan-24 15:02:44.395 -05:00][208195:208195][info ] Did not find KRISP_DYLIB_PATH, skipping dynamic loading
[2025-Jan-24 15:02:44.395 -05:00][208195:208195][info ] Initializing Krisp SDK in PID 208195, addr 0x753b77f906f0
[2025-Jan-24 15:02:44.514 -05:00][208195:208195][info ] Initialized Krisp SDK successfully
[2025-Jan-24 15:02:44.514 -05:00][208195:208195][info ] Krisp SDK initialized
[2025-Jan-24 15:02:48.465 -05:00][208195:208243][info ] KrispVADSetup: sampleRate = 48000, duration = 10
[2025-Jan-24 15:02:50.418 -05:00][208195:208243][info ] KrispNCSetup: sampleRate = 48000, duration = 10
[2025-Jan-24 15:02:50.419 -05:00][208195:208243][info ] Setting Krisp model: full_NC
[2025-Jan-24 15:02:50.611 -05:00][208195:208243][info ] KrispVADSetup: sampleRate = 48000, duration = 10
[2025-Jan-24 15:02:51.337 -05:00][208195:208224][info ] KrispVADReset
[2025-Jan-24 15:02:56.731 -05:00][208195:208243][info ] KrispVADSetup: sampleRate = 48000, duration = 10
[2025-Jan-24 15:02:56.933 -05:00][208195:208224][info ] KrispVADReset
[2025-Jan-24 15:04:09.613 -05:00][208195:208243][info ] KrispVADSetup: sampleRate = 48000, duration = 10
[2025-Jan-24 15:04:16.505 -05:00][208195:208224][info ] KrispVADReset
[2025-Jan-24 16:54:58.600 -05:00][208195:208224][info ] KrispNCReset
[2025-Jan-24 16:54:58.625 -05:00][208195:208243][info ] KrispVADSetup: sampleRate = 48000, duration = 10
[2025-Jan-24 16:54:59.349 -05:00][208195:208224][info ] KrispVADReset
[2025-Jan-24 18:58:46.207 -05:00][208195:208243][info ] KrispVADSetup: sampleRate = 48000, duration = 10
[2025-Jan-24 18:58:46.313 -05:00][208195:208224][info ] KrispVADReset
[2025-Jan-24 18:58:46.335 -05:00][208195:208243][info ] KrispNCSetup: sampleRate = 48000, duration = 10
[2025-Jan-24 18:58:46.335 -05:00][208195:208243][info ] Setting Krisp model: full_NC
[2025-Jan-24 18:58:46.341 -05:00][208195:208243][info ] KrispVADSetup: sampleRate = 48000, duration = 10
[2025-Jan-24 18:58:46.848 -05:00][208195:208224][info ] KrispVADReset
[2025-Jan-24 19:00:44.206 -05:00][208195:208243][info ] KrispVADSetup: sampleRate = 48000, duration = 10
[2025-Jan-24 19:00:51.569 -05:00][208195:208224][info ] KrispVADReset
[2025-Jan-24 19:10:45.795 -05:00][208195:208224][info ] KrispVADReset
[2025-Jan-24 20:35:43.476 -05:00][53190:53190][info ] Logging initialized
[2025-Jan-24 20:35:43.476 -05:00][53190:53190][info ] Initializing krisp SDK...
[2025-Jan-24 20:35:43.476 -05:00][53190:53190][info ] DoKrispInitialize
[2025-Jan-24 20:35:43.689 -05:00][53190:53190][info ] LoadDynamicKrisp
[2025-Jan-24 20:35:43.689 -05:00][53190:53190][info ] Did not find KRISP_DYLIB_PATH, skipping dynamic loading
[2025-Jan-24 20:35:43.689 -05:00][53190:53190][info ] Initializing Krisp SDK in PID 53190, addr 0x7ac86ff906f0
[2025-Jan-24 20:35:43.817 -05:00][53190:53190][info ] Initialized Krisp SDK successfully
[2025-Jan-24 20:35:43.817 -05:00][53190:53190][info ] Krisp SDK initialized
[2025-Jan-24 20:36:08.223 -05:00][53190:53243][info ] KrispNCSetup: sampleRate = 48000, duration = 10
[2025-Jan-24 20:36:08.223 -05:00][53190:53243][info ] Setting Krisp model: full_NC
